\BOOKMARK [1][-]{section*.1}{\376\377\000A\000b\000s\000t\000r\000a\000c\000t}{}% 1
\BOOKMARK [1][-]{section.1}{\376\377\0001\000\040\000I\000n\000t\000r\000o\000d\000u\000c\000t\000i\000o\000n}{}% 2
\BOOKMARK [1][-]{section.2}{\376\377\0002\000\040\000C\000o\000n\000c\000u\000r\000r\000e\000n\000c\000y\000\040\000a\000n\000d\000\040\000D\000a\000t\000a\000\040\000S\000c\000h\000e\000d\000u\000l\000i\000n\000g\000\040\000A\000b\000s\000t\000r\000a\000c\000t\000i\000o\000n\000s}{}% 3
\BOOKMARK [2][-]{subsection.2.1}{\376\377\0002\000.\0001\000\040\000C\000+\000+\000\040\000S\000e\000m\000a\000n\000t\000i\000c\000s}{section.2}% 4
\BOOKMARK [2][-]{subsection.2.2}{\376\377\0002\000.\0002\000\040\000V\000H\000D\000L\000\040\000S\000e\000m\000a\000n\000t\000i\000c\000s}{section.2}% 5
\BOOKMARK [2][-]{subsection.2.3}{\376\377\0002\000.\0003\000\040\000D\000F\000i\000a\000n\000t\000\040\000S\000e\000m\000a\000n\000t\000i\000c\000s}{section.2}% 6
\BOOKMARK [2][-]{subsection.2.4}{\376\377\0002\000.\0004\000\040\000C\000o\000m\000p\000a\000r\000i\000n\000g\000\040\000S\000e\000m\000a\000n\000t\000i\000c\000s}{section.2}% 7
\BOOKMARK [1][-]{section.3}{\376\377\0003\000\040\000R\000e\000g\000i\000s\000t\000e\000r\000\040\000a\000n\000d\000\040\000S\000t\000a\000t\000e\000\040\000A\000b\000s\000t\000r\000a\000c\000t\000i\000o\000n}{}% 8
\BOOKMARK [2][-]{subsection.3.1}{\376\377\0003\000.\0001\000\040\000S\000y\000n\000c\000h\000r\000o\000n\000o\000u\000s\000\040\000T\000e\000c\000h\000n\000o\000l\000o\000g\000y\000\040\000B\000a\000c\000k\000e\000n\000d}{section.3}% 9
\BOOKMARK [2][-]{subsection.3.2}{\376\377\0003\000.\0002\000\040\000S\000y\000n\000c\000h\000r\000o\000n\000o\000u\000s\000\040\000T\000e\000c\000h\000n\000o\000l\000o\000g\000y\000\040\000I\000n\000t\000e\000r\000f\000a\000c\000e}{section.3}% 10
\BOOKMARK [2][-]{subsection.3.3}{\376\377\0003\000.\0003\000\040\000S\000t\000a\000t\000e}{section.3}% 11
\BOOKMARK [1][-]{section.4}{\376\377\0004\000\040\000R\000e\000l\000a\000t\000e\000d\000\040\000W\000o\000r\000k}{}% 12
\BOOKMARK [1][-]{section.5}{\376\377\0005\000\040\000T\000h\000e\000\040\000D\000F\000i\000a\000n\000t\000\040\000T\000y\000p\000e\000\040\000S\000y\000s\000t\000e\000m}{}% 13
\BOOKMARK [2][-]{subsection.5.1}{\376\377\0005\000.\0001\000\040\000B\000i\000t\000-\000A\000c\000c\000u\000r\000a\000t\000e\000\040\000O\000p\000e\000r\000a\000t\000i\000o\000n\000s\000,\000\040\000T\000y\000p\000e\000\040\000I\000n\000f\000e\000r\000e\000n\000c\000e\000,\000\040\000a\000n\000d\000\040\000D\000a\000t\000a\000\040\000S\000t\000r\000u\000c\000t\000u\000r\000e\000s}{section.5}% 14
\BOOKMARK [2][-]{subsection.5.2}{\376\377\0005\000.\0002\000\040\000M\000u\000t\000a\000b\000i\000l\000i\000t\000y}{section.5}% 15
\BOOKMARK [2][-]{subsection.5.3}{\376\377\0005\000.\0003\000\040\000B\000i\000t\000\040\000A\000l\000i\000a\000s\000i\000n\000g\000\040\000a\000n\000d\000\040\000C\000a\000s\000t\000i\000n\000g}{section.5}% 16
\BOOKMARK [2][-]{subsection.5.4}{\376\377\0005\000.\0004\000\040\000S\000t\000r\000u\000c\000t\000u\000r\000a\000l\000\040\000C\000o\000m\000p\000o\000s\000i\000t\000i\000o\000n\000\040\000a\000n\000d\000\040\000G\000e\000n\000e\000r\000a\000t\000i\000o\000n}{section.5}% 17
\BOOKMARK [2][-]{subsection.5.5}{\376\377\0005\000.\0005\000\040\000I\000O\000\040\000P\000o\000r\000t\000s}{section.5}% 18
\BOOKMARK [1][-]{section.6}{\376\377\0006\000\040\000L\000e\000a\000d\000i\000n\000g\000-\000Z\000e\000r\000o\000-\000C\000o\000u\000n\000t\000e\000r\000\040\000a\000n\000d\000\040\000S\000h\000i\000f\000t\000e\000r\000\040\000\050\000L\000Z\000C\000S\000\051\000\040\000C\000o\000m\000p\000i\000l\000a\000t\000i\000o\000n\000\040\000E\000x\000a\000m\000p\000l\000e}{}% 19
\BOOKMARK [1][-]{section.7}{\376\377\0007\000\040\000P\000r\000o\000o\000f\000\040\000o\000f\000\040\000C\000o\000n\000c\000e\000p\000t}{}% 20
\BOOKMARK [2][-]{subsection.7.1}{\376\377\0007\000.\0001\000\040\000M\000e\000t\000h\000o\000d\000o\000l\000o\000g\000y}{section.7}% 21
\BOOKMARK [2][-]{subsection.7.2}{\376\377\0007\000.\0002\000\040\000C\000a\000s\000e\000\040\000S\000t\000u\000d\000y\000:\000\040\000A\000E\000S\000\040\000C\000y\000p\000h\000e\000r}{section.7}% 22
\BOOKMARK [2][-]{subsection.7.3}{\376\377\0007\000.\0003\000\040\000C\000a\000s\000e\000\040\000S\000t\000u\000d\000y\000:\000\040\000D\000o\000u\000b\000l\000e\000\040\000P\000r\000e\000c\000i\000s\000i\000o\000n\000\040\000F\000P\000M\000u\000l}{section.7}% 23
\BOOKMARK [1][-]{section.8}{\376\377\0008\000\040\000C\000o\000n\000c\000l\000u\000s\000i\000o\000n}{}% 24
\BOOKMARK [1][-]{section*.26}{\376\377\000R\000e\000f\000e\000r\000e\000n\000c\000e\000s}{}% 25
